This is pdfTeX, Version 3.14159265-2.6-1.40.19 (TeX Live 2018/W32TeX) (preloaded format=pdflatex 2018.6.1)  15 JUL 2018 19:38
entering extended mode
 restricted \write18 enabled.
 %&-line parsing enabled.
**temp.tex
(./temp.tex
LaTeX2e <2018-04-01> patch level 2
Babel <3.18> and hyphenation patterns for 84 language(s) loaded.
(./IEEEtran.cls
Document Class: IEEEtran 2002/11/18 revision V1.6b by Michael Shell
-- See the "IEEEtran_HOWTO" manual for usage information.
-- The source comments contain changelog notes.
\@IEEEtrantmpdimenA=\dimen102
\@IEEEtrantmpdimenB=\dimen103
\@IEEEtrantmpcountA=\count80
\@IEEEtrantmpcountB=\count81
\@IEEEtrantmptoksA=\toks14
LaTeX Font Info:    Try loading font information for OT1+ptm on input line 776.

(c:/texlive/2018/texmf-dist/tex/latex/psnfss/ot1ptm.fd
File: ot1ptm.fd 2001/06/04 font definitions for OT1/ptm.
)
\@IEEEnormalsizefontbaselineskip=\skip41

-- This is a 10 point document.
\normalsizebaselineskip=\skip42
\normaljot=\skip43
LaTeX Font Info:    Font shape `OT1/ptm/bx/n' in size <5> not available
(Font)              Font shape `OT1/ptm/b/n' tried instead on input line 1095.
LaTeX Font Info:    Font shape `OT1/ptm/bx/it' in size <5> not available
(Font)              Font shape `OT1/ptm/b/it' tried instead on input line 1095.

LaTeX Font Info:    Font shape `OT1/ptm/bx/n' in size <7> not available
(Font)              Font shape `OT1/ptm/b/n' tried instead on input line 1095.
LaTeX Font Info:    Font shape `OT1/ptm/bx/it' in size <7> not available
(Font)              Font shape `OT1/ptm/b/it' tried instead on input line 1095.

LaTeX Font Info:    Font shape `OT1/ptm/bx/n' in size <8> not available
(Font)              Font shape `OT1/ptm/b/n' tried instead on input line 1095.
LaTeX Font Info:    Font shape `OT1/ptm/bx/it' in size <8> not available
(Font)              Font shape `OT1/ptm/b/it' tried instead on input line 1095.

LaTeX Font Info:    Font shape `OT1/ptm/bx/n' in size <9> not available
(Font)              Font shape `OT1/ptm/b/n' tried instead on input line 1095.
LaTeX Font Info:    Font shape `OT1/ptm/bx/it' in size <9> not available
(Font)              Font shape `OT1/ptm/b/it' tried instead on input line 1095.

LaTeX Font Info:    Font shape `OT1/ptm/bx/n' in size <10> not available
(Font)              Font shape `OT1/ptm/b/n' tried instead on input line 1095.
LaTeX Font Info:    Font shape `OT1/ptm/bx/it' in size <10> not available
(Font)              Font shape `OT1/ptm/b/it' tried instead on input line 1095.

LaTeX Font Info:    Font shape `OT1/ptm/bx/n' in size <11> not available
(Font)              Font shape `OT1/ptm/b/n' tried instead on input line 1095.
LaTeX Font Info:    Font shape `OT1/ptm/bx/it' in size <11> not available
(Font)              Font shape `OT1/ptm/b/it' tried instead on input line 1095.

LaTeX Font Info:    Font shape `OT1/ptm/bx/n' in size <12> not available
(Font)              Font shape `OT1/ptm/b/n' tried instead on input line 1095.
LaTeX Font Info:    Font shape `OT1/ptm/bx/it' in size <12> not available
(Font)              Font shape `OT1/ptm/b/it' tried instead on input line 1095.

LaTeX Font Info:    Font shape `OT1/ptm/bx/n' in size <17> not available
(Font)              Font shape `OT1/ptm/b/n' tried instead on input line 1095.
LaTeX Font Info:    Font shape `OT1/ptm/bx/it' in size <17> not available
(Font)              Font shape `OT1/ptm/b/it' tried instead on input line 1095.

LaTeX Font Info:    Font shape `OT1/ptm/bx/n' in size <20> not available
(Font)              Font shape `OT1/ptm/b/n' tried instead on input line 1095.
LaTeX Font Info:    Font shape `OT1/ptm/bx/it' in size <20> not available
(Font)              Font shape `OT1/ptm/b/it' tried instead on input line 1095.

LaTeX Font Info:    Font shape `OT1/ptm/bx/n' in size <24> not available
(Font)              Font shape `OT1/ptm/b/n' tried instead on input line 1095.
LaTeX Font Info:    Font shape `OT1/ptm/bx/it' in size <24> not available
(Font)              Font shape `OT1/ptm/b/it' tried instead on input line 1095.

\IEEEilabelindentA=\dimen104
\IEEEilabelindentB=\dimen105
\IEEEilabelindent=\dimen106
\IEEEelabelindent=\dimen107
\IEEEdlabelindent=\dimen108
\labelindent=\dimen109
\IEEEiednormlabelsep=\dimen110
\IEEEiedmathlabelsep=\dimen111
\IEEEiedtopsep=\skip44
\c@section=\count82
\c@subsection=\count83
\c@subsubsection=\count84
\c@paragraph=\count85
\c@IEEEsubequation=\count86
\abovecaptionskip=\skip45
\belowcaptionskip=\skip46
\c@figure=\count87
\c@table=\count88
\@IEEEeqnnumcols=\count89
\@IEEEeqncolcnt=\count90
\@IEEEtmpitemindent=\dimen112
\c@biography=\count91
\@IEEEtranrubishbin=\box26
) (c:/texlive/2018/texmf-dist/tex/latex/graphics/graphicx.sty
Package: graphicx 2017/06/01 v1.1a Enhanced LaTeX Graphics (DPC,SPQR)

(c:/texlive/2018/texmf-dist/tex/latex/graphics/keyval.sty
Package: keyval 2014/10/28 v1.15 key=value parser (DPC)
\KV@toks@=\toks15
)
(c:/texlive/2018/texmf-dist/tex/latex/graphics/graphics.sty
Package: graphics 2017/06/25 v1.2c Standard LaTeX Graphics (DPC,SPQR)

(c:/texlive/2018/texmf-dist/tex/latex/graphics/trig.sty
Package: trig 2016/01/03 v1.10 sin cos tan (DPC)
)
(c:/texlive/2018/texmf-dist/tex/latex/graphics-cfg/graphics.cfg
File: graphics.cfg 2016/06/04 v1.11 sample graphics configuration
)
Package graphics Info: Driver file: pdftex.def on input line 99.

(c:/texlive/2018/texmf-dist/tex/latex/graphics-def/pdftex.def
File: pdftex.def 2018/01/08 v1.0l Graphics/color driver for pdftex
))
\Gin@req@height=\dimen113
\Gin@req@width=\dimen114
)
(c:/texlive/2018/texmf-dist/tex/latex/booktabs/booktabs.sty
Package: booktabs 2016/04/27 v1.618033 publication quality tables
\heavyrulewidth=\dimen115
\lightrulewidth=\dimen116
\cmidrulewidth=\dimen117
\belowrulesep=\dimen118
\belowbottomsep=\dimen119
\aboverulesep=\dimen120
\abovetopsep=\dimen121
\cmidrulesep=\dimen122
\cmidrulekern=\dimen123
\defaultaddspace=\dimen124
\@cmidla=\count92
\@cmidlb=\count93
\@aboverulesep=\dimen125
\@belowrulesep=\dimen126
\@thisruleclass=\count94
\@lastruleclass=\count95
\@thisrulewidth=\dimen127
)
(c:/texlive/2018/texmf-dist/tex/latex/ctex/ctex.sty
(c:/texlive/2018/texmf-dist/tex/latex/l3kernel/expl3.sty
Package: expl3 2018/03/05 L3 programming layer (loader) 

(c:/texlive/2018/texmf-dist/tex/latex/l3kernel/expl3-code.tex
Package: expl3 2018/03/05 L3 programming layer (code)
\c_max_int=\count96
\l_tmpa_int=\count97
\l_tmpb_int=\count98
\g_tmpa_int=\count99
\g_tmpb_int=\count100
\g__intarray_font_int=\count101
\g__prg_map_int=\count102
\c_log_iow=\count103
\l_iow_line_count_int=\count104
\l__iow_line_target_int=\count105
\l__iow_one_indent_int=\count106
\l__iow_indent_int=\count107
\c_zero_dim=\dimen128
\c_max_dim=\dimen129
\l_tmpa_dim=\dimen130
\l_tmpb_dim=\dimen131
\g_tmpa_dim=\dimen132
\g_tmpb_dim=\dimen133
\c_zero_skip=\skip47
\c_max_skip=\skip48
\l_tmpa_skip=\skip49
\l_tmpb_skip=\skip50
\g_tmpa_skip=\skip51
\g_tmpb_skip=\skip52
\c_zero_muskip=\muskip10
\c_max_muskip=\muskip11
\l_tmpa_muskip=\muskip12
\l_tmpb_muskip=\muskip13
\g_tmpa_muskip=\muskip14
\g_tmpb_muskip=\muskip15
\l_keys_choice_int=\count108
\c__fp_leading_shift_int=\count109
\c__fp_middle_shift_int=\count110
\c__fp_trailing_shift_int=\count111
\c__fp_big_leading_shift_int=\count112
\c__fp_big_middle_shift_int=\count113
\c__fp_big_trailing_shift_int=\count114
\c__fp_Bigg_leading_shift_int=\count115
\c__fp_Bigg_middle_shift_int=\count116
\c__fp_Bigg_trailing_shift_int=\count117
\c__fp_rand_size_int=\count118
\c__fp_rand_four_int=\count119
\c__fp_rand_eight_int=\count120
\l__sort_length_int=\count121
\l__sort_min_int=\count122
\l__sort_top_int=\count123
\l__sort_max_int=\count124
\l__sort_true_max_int=\count125
\l__sort_block_int=\count126
\l__sort_begin_int=\count127
\l__sort_end_int=\count128
\l__sort_A_int=\count129
\l__sort_B_int=\count130
\l__sort_C_int=\count131
\l__tl_build_start_index_int=\count132
\l__tl_build_index_int=\count133
\l__tl_analysis_normal_int=\count134
\l__tl_analysis_index_int=\count135
\l__tl_analysis_nesting_int=\count136
\l__tl_analysis_type_int=\count137
\l__regex_internal_a_int=\count138
\l__regex_internal_b_int=\count139
\l__regex_internal_c_int=\count140
\l__regex_balance_int=\count141
\l__regex_group_level_int=\count142
\l__regex_mode_int=\count143
\c__regex_cs_in_class_mode_int=\count144
\c__regex_cs_mode_int=\count145
\l__regex_catcodes_int=\count146
\l__regex_default_catcodes_int=\count147
\c__regex_catcode_D_int=\count148
\c__regex_catcode_S_int=\count149
\c__regex_catcode_L_int=\count150
\c__regex_catcode_O_int=\count151
\c__regex_catcode_A_int=\count152
\c__regex_all_catcodes_int=\count153
\l__regex_show_lines_int=\count154
\l__regex_min_state_int=\count155
\l__regex_max_state_int=\count156
\l__regex_left_state_int=\count157
\l__regex_right_state_int=\count158
\l__regex_capturing_group_int=\count159
\l__regex_min_pos_int=\count160
\l__regex_max_pos_int=\count161
\l__regex_curr_pos_int=\count162
\l__regex_start_pos_int=\count163
\l__regex_success_pos_int=\count164
\l__regex_curr_char_int=\count165
\l__regex_curr_catcode_int=\count166
\l__regex_last_char_int=\count167
\l__regex_case_changed_char_int=\count168
\l__regex_curr_state_int=\count169
\l__regex_step_int=\count170
\l__regex_min_active_int=\count171
\l__regex_max_active_int=\count172
\l__regex_replacement_csnames_int=\count173
\l__regex_match_count_int=\count174
\l__regex_min_submatch_int=\count175
\l__regex_submatch_int=\count176
\l__regex_zeroth_submatch_int=\count177
\g__regex_trace_regex_int=\count178
\c_empty_box=\box27
\l_tmpa_box=\box28
\l_tmpb_box=\box29
\g_tmpa_box=\box30
\g_tmpb_box=\box31
\l__box_top_dim=\dimen134
\l__box_bottom_dim=\dimen135
\l__box_left_dim=\dimen136
\l__box_right_dim=\dimen137
\l__box_top_new_dim=\dimen138
\l__box_bottom_new_dim=\dimen139
\l__box_left_new_dim=\dimen140
\l__box_right_new_dim=\dimen141
\l__box_internal_box=\box32
\l__coffin_internal_box=\box33
\l__coffin_internal_dim=\dimen142
\l__coffin_offset_x_dim=\dimen143
\l__coffin_offset_y_dim=\dimen144
\l__coffin_x_dim=\dimen145
\l__coffin_y_dim=\dimen146
\l__coffin_x_prime_dim=\dimen147
\l__coffin_y_prime_dim=\dimen148
\c_empty_coffin=\box34
\l__coffin_aligned_coffin=\box35
\l__coffin_aligned_internal_coffin=\box36
\l_tmpa_coffin=\box37
\l_tmpb_coffin=\box38
\l__coffin_display_coffin=\box39
\l__coffin_display_coord_coffin=\box40
\l__coffin_display_pole_coffin=\box41
\l__coffin_display_offset_dim=\dimen149
\l__coffin_display_x_dim=\dimen150
\l__coffin_display_y_dim=\dimen151
\l__coffin_bounding_shift_dim=\dimen152
\l__coffin_left_corner_dim=\dimen153
\l__coffin_right_corner_dim=\dimen154
\l__coffin_bottom_corner_dim=\dimen155
\l__coffin_top_corner_dim=\dimen156
\l__coffin_scaled_total_height_dim=\dimen157
\l__coffin_scaled_width_dim=\dimen158
)
(c:/texlive/2018/texmf-dist/tex/latex/l3kernel/l3pdfmode.def
File: l3pdfmode.def 2017/03/18 v L3 Experimental driver: PDF mode
\l__driver_color_stack_int=\count179
))
Package: ctex 2018/01/28 v2.4.12 Chinese adapter in LaTeX (CTEX)

(c:/texlive/2018/texmf-dist/tex/latex/l3packages/xparse/xparse.sty
Package: xparse 2018/02/21 L3 Experimental document command parser
\l__xparse_current_arg_int=\count180
\g__xparse_grabber_int=\count181
\l__xparse_m_args_int=\count182
\l__xparse_mandatory_args_int=\count183
\l__xparse_v_nesting_int=\count184
)
(c:/texlive/2018/texmf-dist/tex/latex/l3packages/l3keys2e/l3keys2e.sty
Package: l3keys2e 2018/02/21 LaTeX2e option processing using LaTeX3 keys
)
\g__file_internal_ior=\read1

(c:/texlive/2018/texmf-dist/tex/latex/ctex/ctexhook.sty
Package: ctexhook 2018/01/28 v2.4.12 Document and package hooks (CTEX)
)
(c:/texlive/2018/texmf-dist/tex/latex/ctex/ctexpatch.sty
Package: ctexpatch 2018/01/28 v2.4.12 Patching commands (CTEX)
)
(c:/texlive/2018/texmf-dist/tex/latex/base/fix-cm.sty
Package: fix-cm 2015/01/14 v1.1t fixes to LaTeX

(c:/texlive/2018/texmf-dist/tex/latex/base/ts1enc.def
File: ts1enc.def 2001/06/05 v3.0e (jk/car/fm) Standard LaTeX file
Now handling font encoding TS1 ...
... processing UTF-8 mapping file for font encoding TS1

(c:/texlive/2018/texmf-dist/tex/latex/base/ts1enc.dfu
File: ts1enc.dfu 2018/04/05 v1.2c UTF-8 support for inputenc
   defining Unicode char U+00A2 (decimal 162)
   defining Unicode char U+00A3 (decimal 163)
   defining Unicode char U+00A4 (decimal 164)
   defining Unicode char U+00A5 (decimal 165)
   defining Unicode char U+00A6 (decimal 166)
   defining Unicode char U+00A7 (decimal 167)
   defining Unicode char U+00A8 (decimal 168)
   defining Unicode char U+00A9 (decimal 169)
   defining Unicode char U+00AA (decimal 170)
   defining Unicode char U+00AC (decimal 172)
   defining Unicode char U+00AE (decimal 174)
   defining Unicode char U+00AF (decimal 175)
   defining Unicode char U+00B0 (decimal 176)
   defining Unicode char U+00B1 (decimal 177)
   defining Unicode char U+00B2 (decimal 178)
   defining Unicode char U+00B3 (decimal 179)
   defining Unicode char U+00B4 (decimal 180)
   defining Unicode char U+00B5 (decimal 181)
   defining Unicode char U+00B6 (decimal 182)
   defining Unicode char U+00B7 (decimal 183)
   defining Unicode char U+00B9 (decimal 185)
   defining Unicode char U+00BA (decimal 186)
   defining Unicode char U+00BC (decimal 188)
   defining Unicode char U+00BD (decimal 189)
   defining Unicode char U+00BE (decimal 190)
   defining Unicode char U+00D7 (decimal 215)
   defining Unicode char U+00F7 (decimal 247)
   defining Unicode char U+0192 (decimal 402)
   defining Unicode char U+02C7 (decimal 711)
   defining Unicode char U+02D8 (decimal 728)
   defining Unicode char U+02DD (decimal 733)
   defining Unicode char U+0E3F (decimal 3647)
   defining Unicode char U+2016 (decimal 8214)
   defining Unicode char U+2020 (decimal 8224)
   defining Unicode char U+2021 (decimal 8225)
   defining Unicode char U+2022 (decimal 8226)
   defining Unicode char U+2030 (decimal 8240)
   defining Unicode char U+2031 (decimal 8241)
   defining Unicode char U+203B (decimal 8251)
   defining Unicode char U+203D (decimal 8253)
   defining Unicode char U+2044 (decimal 8260)
   defining Unicode char U+204E (decimal 8270)
   defining Unicode char U+2052 (decimal 8274)
   defining Unicode char U+20A1 (decimal 8353)
   defining Unicode char U+20A4 (decimal 8356)
   defining Unicode char U+20A6 (decimal 8358)
   defining Unicode char U+20A9 (decimal 8361)
   defining Unicode char U+20AB (decimal 8363)
   defining Unicode char U+20AC (decimal 8364)
   defining Unicode char U+20B1 (decimal 8369)
   defining Unicode char U+2103 (decimal 8451)
   defining Unicode char U+2116 (decimal 8470)
   defining Unicode char U+2117 (decimal 8471)
   defining Unicode char U+211E (decimal 8478)
   defining Unicode char U+2120 (decimal 8480)
   defining Unicode char U+2122 (decimal 8482)
   defining Unicode char U+2126 (decimal 8486)
   defining Unicode char U+2127 (decimal 8487)
   defining Unicode char U+212E (decimal 8494)
   defining Unicode char U+2190 (decimal 8592)
   defining Unicode char U+2191 (decimal 8593)
   defining Unicode char U+2192 (decimal 8594)
   defining Unicode char U+2193 (decimal 8595)
   defining Unicode char U+2329 (decimal 9001)
   defining Unicode char U+232A (decimal 9002)
   defining Unicode char U+2422 (decimal 9250)
   defining Unicode char U+25E6 (decimal 9702)
   defining Unicode char U+25EF (decimal 9711)
   defining Unicode char U+266A (decimal 9834)
   defining Unicode char U+FEFF (decimal 65279)
)))
(c:/texlive/2018/texmf-dist/tex/latex/ms/everysel.sty
Package: everysel 2011/10/28 v1.2 EverySelectfont Package (MS)
)
\l__ctex_tmp_int=\count185
\l__ctex_tmp_box=\box42
\l__ctex_tmp_dim=\dimen159
\g__ctex_font_size_flag=\count186

(c:/texlive/2018/texmf-dist/tex/latex/ctex/config/ctexopts.cfg
File: ctexopts.cfg 2018/01/28 v2.4.12 Option configuration file (CTEX)
)
(c:/texlive/2018/texmf-dist/tex/latex/ctex/engine/ctex-engine-pdftex.def
File: ctex-engine-pdftex.def 2018/01/28 v2.4.12 (pdf)LaTeX adapter (CTEX)

(c:/texlive/2018/texmf-dist/tex/latex/cjk/texinput/CJK.sty
Package: CJK 2015/04/18 4.8.4

(c:/texlive/2018/texmf-dist/tex/latex/cjk/texinput/mule/MULEenc.sty
Package: MULEenc 2015/04/18 4.8.4
)
(c:/texlive/2018/texmf-dist/tex/latex/cjk/texinput/CJK.enc
File: CJK.enc 2015/04/18 4.8.4
Now handling font encoding C00 ...
... no UTF-8 mapping file for font encoding C00
Now handling font encoding C05 ...
... no UTF-8 mapping file for font encoding C05
Now handling font encoding C09 ...
... no UTF-8 mapping file for font encoding C09
Now handling font encoding C10 ...
... no UTF-8 mapping file for font encoding C10
Now handling font encoding C20 ...
... no UTF-8 mapping file for font encoding C20
Now handling font encoding C19 ...
... no UTF-8 mapping file for font encoding C19
Now handling font encoding C40 ...
... no UTF-8 mapping file for font encoding C40
Now handling font encoding C42 ...
... no UTF-8 mapping file for font encoding C42
Now handling font encoding C43 ...
... no UTF-8 mapping file for font encoding C43
Now handling font encoding C50 ...
... no UTF-8 mapping file for font encoding C50
Now handling font encoding C52 ...
... no UTF-8 mapping file for font encoding C52
Now handling font encoding C49 ...
... no UTF-8 mapping file for font encoding C49
Now handling font encoding C60 ...
... no UTF-8 mapping file for font encoding C60
Now handling font encoding C61 ...
... no UTF-8 mapping file for font encoding C61
Now handling font encoding C63 ...
... no UTF-8 mapping file for font encoding C63
Now handling font encoding C64 ...
... no UTF-8 mapping file for font encoding C64
Now handling font encoding C65 ...
... no UTF-8 mapping file for font encoding C65
Now handling font encoding C70 ...
... no UTF-8 mapping file for font encoding C70
Now handling font encoding C31 ...
... no UTF-8 mapping file for font encoding C31
Now handling font encoding C32 ...
... no UTF-8 mapping file for font encoding C32
Now handling font encoding C33 ...
... no UTF-8 mapping file for font encoding C33
Now handling font encoding C34 ...
... no UTF-8 mapping file for font encoding C34
Now handling font encoding C35 ...
... no UTF-8 mapping file for font encoding C35
Now handling font encoding C36 ...
... no UTF-8 mapping file for font encoding C36
Now handling font encoding C37 ...
... no UTF-8 mapping file for font encoding C37
Now handling font encoding C80 ...
... no UTF-8 mapping file for font encoding C80
Now handling font encoding C81 ...
... no UTF-8 mapping file for font encoding C81
Now handling font encoding C01 ...
... no UTF-8 mapping file for font encoding C01
Now handling font encoding C11 ...
... no UTF-8 mapping file for font encoding C11
Now handling font encoding C21 ...
... no UTF-8 mapping file for font encoding C21
Now handling font encoding C41 ...
... no UTF-8 mapping file for font encoding C41
Now handling font encoding C62 ...
... no UTF-8 mapping file for font encoding C62
)
LaTeX Info: Redefining \selectfont on input line 755.
\CJK@indent=\box43
)
(c:/texlive/2018/texmf-dist/tex/latex/cjkpunct/CJKpunct.sty
Package: CJKpunct 2016/05/14 4.8.4
\CJKpunct@cnta=\count187
\CJKpunct@cntb=\count188
\CJKpunct@cntc=\count189
\CJKpunct@cntd=\count190
\CJKpunct@cnte=\count191
   defining Unicode char U+2018 (decimal 8216)
   defining Unicode char U+2019 (decimal 8217)
   defining Unicode char U+201C (decimal 8220)
   defining Unicode char U+201D (decimal 8221)
   defining Unicode char U+2014 (decimal 8212)
   defining Unicode char U+2026 (decimal 8230)

(c:/texlive/2018/texmf-dist/tex/latex/cjkpunct/CJKpunct.spa))
(c:/texlive/2018/texmf-dist/tex/latex/cjk/texinput/CJKspace.sty
Package: CJKspace 2015/04/18 3.8.0
)
(c:/texlive/2018/texmf-dist/tex/latex/cjk/texinput/standard.bdg
File: standard.bdg 2015/04/18 4.8.4
)
(c:/texlive/2018/texmf-dist/tex/latex/ctex/ctexspa.def
File: ctexspa.def 2018/01/28 v2.4.12 Space info for CJKpunct (CTEX)
)
(c:/texlive/2018/texmf-dist/tex/latex/cjk/texinput/CJKfntef.sty
Package: CJKfntef 2015/04/18 4.8.4

(c:/texlive/2018/texmf-dist/tex/latex/cjk/texinput/CJKulem.sty
Package: CJKulem 2015/04/18 4.8.4

(c:/texlive/2018/texmf-dist/tex/generic/ulem/ulem.sty
\UL@box=\box44
\UL@hyphenbox=\box45
\UL@skip=\skip53
\UL@hook=\toks16
\UL@height=\dimen160
\UL@pe=\count192
\UL@pixel=\dimen161
\ULC@box=\box46
Package: ulem 2012/05/18
\ULdepth=\dimen162
)
\UL@lastkern=\dimen163
\CJK@skip=\skip54
)
\CJK@fntefSkip=\skip55
\CJK@nest=\count193
\CJK@fntefDimen=\dimen164
\CJK@underdotBox=\box47
\CJK@ULbox=\box48
\CJK@underanyskip=\dimen165
)
\ccwd=\dimen166
\l__ctex_ccglue_skip=\skip56
)
.................................................
. LaTeX info: "xparse/define-command"
. 
. Defining command \ctexset with sig. '' on line 377.
.................................................
.................................................
. LaTeX info: "xparse/define-command"
. 
. Defining command \CTEXsetup with sig. '+o>{\TrimSpaces }m' on line 383.
.................................................
.................................................
. LaTeX info: "xparse/define-command"
. 
. Defining command \CTEXoptions with sig. '+o' on line 389.
.................................................
.................................................
. LaTeX info: "xparse/define-command"
. 
. Defining command \CTEXsetfont with sig. '' on line 407.
.................................................
.................................................
. LaTeX info: "xparse/define-command"
. 
. Defining command \ziju with sig. 'm' on line 479.
.................................................
\l__ctex_ziju_dim=\dimen167
.................................................
. LaTeX info: "xparse/define-command"
. 
. Defining command \CTEXindent with sig. '' on line 520.
.................................................
.................................................
. LaTeX info: "xparse/define-command"
. 
. Defining command \CTEXnoindent with sig. '' on line 526.
.................................................

(c:/texlive/2018/texmf-dist/tex/latex/zhnumber/zhnumber.sty
Package: zhnumber 2018/01/28 v2.6 Typesetting numbers with Chinese glyphs
.................................................
. LaTeX info: "xparse/define-command"
. 
. Defining command \zhnumber with sig. '+o+m' on line 50.
.................................................
.................................................
. LaTeX info: "xparse/define-command"
. 
. Defining command \zhnumberwithoptions with sig. '+m+m' on line 57.
.................................................
.................................................
. LaTeX info: "xparse/define-command"
. 
. Defining command \zhnum with sig. '+o+m' on line 111.
.................................................
.................................................
. LaTeX info: "xparse/define-command"
. 
. Defining command \zhnumwithoptions with sig. '+m+m' on line 118.
.................................................
.................................................
. LaTeX info: "xparse/define-command"
. 
. Defining command \zhdig with sig. '+o+m' on line 295.
.................................................
.................................................
. LaTeX info: "xparse/define-command"
. 
. Defining command \zhdigwithoptions with sig. '+m+m' on line 302.
.................................................
.................................................
. LaTeX info: "xparse/define-command"
. 
. Defining command \zhdigits with sig. '+s+o+m' on line 316.
.................................................
.................................................
. LaTeX info: "xparse/define-command"
. 
. Defining command \zhdigitswithoptions with sig. '+m+m+m' on line 323.
.................................................
.................................................
. LaTeX info: "xparse/define-command"
. 
. Defining command \zhdate with sig. '+s+m' on line 382.
.................................................
\l__zhnum_scale_int=\count194
.................................................
. LaTeX info: "xparse/define-command"
. 
. Defining command \zhnumExtendScaleMap with sig. '>{\TrimSpaces }+o+m' on
. line 504.
.................................................
\l__zhnum_byte_min_int=\count195
\l__zhnum_byte_max_int=\count196
.................................................
. LaTeX info: "xparse/define-command"
. 
. Defining command \zhnumsetup with sig. '+m' on line 934.
.................................................

(c:/texlive/2018/texmf-dist/tex/latex/zhnumber/zhnumber-gbk.cfg
File: zhnumber-gbk.cfg 2018/01/28 v2.6 Chinese numerals with GBK encoding
))
.................................................
. LaTeX info: "xparse/define-command"
. 
. Defining command \CTEXnumber with sig. 'mm' on line 543.
.................................................
.................................................
. LaTeX info: "xparse/define-command"
. 
. Defining command \CTEXdigits with sig. 'mm' on line 545.
.................................................

*************************************************
* ctex warning: "ctexbibname"
* 
* Neither `\bibname' nor `\refname' can be found.
* The key `bibname' will set `\ctexbibname' to the given value.
*************************************************
(c:/texlive/2018/texmf-dist/tex/latex/ctex/scheme/ctex-scheme-chinese.def
File: ctex-scheme-chinese.def 2018/01/28 v2.4.12 Chinese scheme for generic (CT
EX)

(c:/texlive/2018/texmf-dist/tex/latex/ctex/config/ctex-name-gbk.cfg
File: ctex-name-gbk.cfg 2018/01/28 v2.4.12 Caption with encoding GBK (CTEX)
))
.................................................
. LaTeX info: "xparse/define-command"
. 
. Defining command \zihao with sig. 'm' on line 642.
.................................................

(c:/texlive/2018/texmf-dist/tex/latex/ctex/ctex-c5size.clo
File: ctex-c5size.clo 2018/01/28 v2.4.12 c5size option (CTEX)
)
.................................................
. LaTeX info: "xparse/define-command"
. 
. Defining command \CTeX with sig. '' on line 746.
.................................................

(c:/texlive/2018/texmf-dist/tex/latex/ctex/fontset/ctex-fontset-windows.def
File: ctex-fontset-windows.def 2018/01/28 v2.4.12 Windows fonts definition (CTE
X)

(c:/texlive/2018/texmf-dist/tex/latex/ctex/fontset/ctex-fontset-windowsnew.def
File: ctex-fontset-windowsnew.def 2018/01/28 v2.4.12 Windows fonts definition f
or Vista or later version (CTEX)

(c:/texlive/2018/texmf-dist/tex/generic/ctex/zhwindowsfonts.tex
File: zhwindowsfonts.tex 2018/01/28 v2.4.12 Windows font map loader for pdfTeX 
and DVIPDFMx (CTEX)
{c:/texlive/2018/texmf-var/fonts/map/pdftex/updmap/pdftex.map}{UGBK.sfd}{Unicod
e.sfd})
.................................................
. LaTeX info: "xparse/define-command"
. 
. Defining command \songti with sig. '' on line 111.
.................................................
.................................................
. LaTeX info: "xparse/define-command"
. 
. Defining command \heiti with sig. '' on line 112.
.................................................
.................................................
. LaTeX info: "xparse/define-command"
. 
. Defining command \fangsong with sig. '' on line 113.
.................................................
.................................................
. LaTeX info: "xparse/define-command"
. 
. Defining command \kaishu with sig. '' on line 114.
.................................................
.................................................
. LaTeX info: "xparse/define-command"
. 
. Defining command \lishu with sig. '' on line 115.
.................................................
.................................................
. LaTeX info: "xparse/define-command"
. 
. Defining command \youyuan with sig. '' on line 116.
.................................................
.................................................
. LaTeX info: "xparse/define-command"
. 
. Defining command \yahei with sig. '' on line 117.
.................................................
)))
(c:/texlive/2018/texmf-dist/tex/latex/ctex/config/ctex.cfg
File: ctex.cfg 2018/01/28 v2.4.12 Configuration file (CTEX)
)
(c:/texlive/2018/texmf-dist/tex/latex/tools/bm.sty
Package: bm 2017/01/16 v1.2c Bold Symbol Support (DPC/FMi)
\symboldoperators=\mathgroup4
\symboldletters=\mathgroup5
\symboldsymbols=\mathgroup6
LaTeX Font Info:    Redeclaring math alphabet \mathbf on input line 141.
LaTeX Info: Redefining \bm on input line 207.
)
(c:/texlive/2018/texmf-dist/tex/latex/oberdiek/epstopdf.sty
Package: epstopdf 2016/05/15 v2.6 Conversion with epstopdf on the fly (HO)

(c:/texlive/2018/texmf-dist/tex/latex/oberdiek/epstopdf-base.sty
Package: epstopdf-base 2016/05/15 v2.6 Base part for package epstopdf

(c:/texlive/2018/texmf-dist/tex/generic/oberdiek/infwarerr.sty
Package: infwarerr 2016/05/16 v1.4 Providing info/warning/error messages (HO)
)
(c:/texlive/2018/texmf-dist/tex/latex/oberdiek/grfext.sty
Package: grfext 2016/05/16 v1.2 Manage graphics extensions (HO)

(c:/texlive/2018/texmf-dist/tex/generic/oberdiek/kvdefinekeys.sty
Package: kvdefinekeys 2016/05/16 v1.4 Define keys (HO)

(c:/texlive/2018/texmf-dist/tex/generic/oberdiek/ltxcmds.sty
Package: ltxcmds 2016/05/16 v1.23 LaTeX kernel commands for general use (HO)
)))
(c:/texlive/2018/texmf-dist/tex/latex/oberdiek/kvoptions.sty
Package: kvoptions 2016/05/16 v3.12 Key value format for package options (HO)

(c:/texlive/2018/texmf-dist/tex/generic/oberdiek/kvsetkeys.sty
Package: kvsetkeys 2016/05/16 v1.17 Key value parser (HO)

(c:/texlive/2018/texmf-dist/tex/generic/oberdiek/etexcmds.sty
Package: etexcmds 2016/05/16 v1.6 Avoid name clashes with e-TeX commands (HO)

(c:/texlive/2018/texmf-dist/tex/generic/oberdiek/ifluatex.sty
Package: ifluatex 2016/05/16 v1.4 Provides the ifluatex switch (HO)
Package ifluatex Info: LuaTeX not detected.
)
Package etexcmds Info: Could not find \expanded.
(etexcmds)             That can mean that you are not using pdfTeX 1.50 or
(etexcmds)             that some package has redefined \expanded.
(etexcmds)             In the latter case, load this package earlier.
)))
(c:/texlive/2018/texmf-dist/tex/generic/oberdiek/pdftexcmds.sty
Package: pdftexcmds 2018/01/30 v0.27 Utility functions of pdfTeX for LuaTeX (HO
)

(c:/texlive/2018/texmf-dist/tex/generic/oberdiek/ifpdf.sty
Package: ifpdf 2017/03/15 v3.2 Provides the ifpdf switch
)
Package pdftexcmds Info: LuaTeX not detected.
Package pdftexcmds Info: \pdf@primitive is available.
Package pdftexcmds Info: \pdf@ifprimitive is available.
Package pdftexcmds Info: \pdfdraftmode found.
)
Package epstopdf-base Info: Redefining graphics rule for `.eps' on input line 4
38.
Package grfext Info: Graphics extension search list:
(grfext)             [.pdf,.png,.jpg,.mps,.jpeg,.jbig2,.jb2,.PDF,.PNG,.JPG,.JPE
G,.JBIG2,.JB2,.eps]
(grfext)             \AppendGraphicsExtensions on input line 456.

(c:/texlive/2018/texmf-dist/tex/latex/latexconfig/epstopdf-sys.cfg
File: epstopdf-sys.cfg 2010/07/13 v1.3 Configuration of (r)epstopdf for TeX Liv
e
)))
(c:/texlive/2018/texmf-dist/tex/latex/amsfonts/amsfonts.sty
Package: amsfonts 2013/01/14 v3.01 Basic AMSFonts support
\@emptytoks=\toks17
\symAMSa=\mathgroup7
\symAMSb=\mathgroup8
LaTeX Font Info:    Overwriting math alphabet `\mathfrak' in version `bold'
(Font)                  U/euf/m/n --> U/euf/b/n on input line 106.
)
(c:/texlive/2018/texmf-dist/tex/latex/algorithm2e/algorithm2e.sty
Package: algorithm2e 2017/07/18 v5.2 algorithms environments
\c@AlgoLine=\count197

(c:/texlive/2018/texmf-dist/tex/latex/base/ifthen.sty
Package: ifthen 2014/09/29 v1.1c Standard LaTeX ifthen package (DPC)
)
\algocf@hangindent=\skip57

(c:/texlive/2018/texmf-dist/tex/latex/ifoddpage/ifoddpage.sty
Package: ifoddpage 2016/04/23 v1.1 Conditionals for odd/even page detection
\c@checkoddpage=\count198
)
(c:/texlive/2018/texmf-dist/tex/latex/tools/xspace.sty
Package: xspace 2014/10/28 v1.13 Space after command names (DPC,MH)
)
(c:/texlive/2018/texmf-dist/tex/latex/relsize/relsize.sty
Package: relsize 2013/03/29 ver 4.1
)
\skiptotal=\skip58
\skiplinenumber=\skip59
\skiprule=\skip60
\skiphlne=\skip61
\skiptext=\skip62
\skiplength=\skip63
\algomargin=\skip64
\skipalgocfslide=\skip65
\algowidth=\dimen168
\inoutsize=\dimen169
\inoutindent=\dimen170
\interspacetitleruled=\dimen171
\interspacealgoruled=\dimen172
\interspacetitleboxruled=\dimen173
\algocf@ruledwidth=\skip66
\algocf@inoutbox=\box49
\algocf@inputbox=\box50
\AlCapSkip=\skip67
\AlCapHSkip=\skip68
\algoskipindent=\skip69
\algocf@nlbox=\box51
\algocf@hangingbox=\box52
\algocf@untilbox=\box53
\algocf@skipuntil=\skip70
\algocf@capbox=\box54
\algocf@lcaptionbox=\skip71
\algoheightruledefault=\skip72
\algoheightrule=\skip73
\algotitleheightruledefault=\skip74
\algotitleheightrule=\skip75
\c@algocfline=\count199
\c@algocfproc=\count266
\c@algocf=\count267
\algocf@algoframe=\box55
\algocf@algobox=\box56
)
(c:/texlive/2018/texmf-dist/tex/latex/algorithmicx/algpseudocode.sty
Package: algpseudocode 

(c:/texlive/2018/texmf-dist/tex/latex/algorithmicx/algorithmicx.sty
Package: algorithmicx 2005/04/27 v1.2 Algorithmicx

Document Style algorithmicx 1.2 - a greatly improved `algorithmic' style
\c@ALG@line=\count268
\c@ALG@rem=\count269
\c@ALG@nested=\count270
\ALG@tlm=\skip76
\ALG@thistlm=\skip77
\c@ALG@Lnr=\count271
\c@ALG@blocknr=\count272
\c@ALG@storecount=\count273
\c@ALG@tmpcounter=\count274
\ALG@tmplength=\skip78
)
Document Style - pseudocode environments for use with the `algorithmicx' style
) (c:/texlive/2018/texmf-dist/tex/latex/amsmath/amsmath.sty
Package: amsmath 2017/09/02 v2.17a AMS math features
\@mathmargin=\skip79

For additional information on amsmath, use the `?' option.
(c:/texlive/2018/texmf-dist/tex/latex/amsmath/amstext.sty
Package: amstext 2000/06/29 v2.01 AMS text

(c:/texlive/2018/texmf-dist/tex/latex/amsmath/amsgen.sty
File: amsgen.sty 1999/11/30 v2.0 generic functions
\@emptytoks=\toks18
\ex@=\dimen174
))
(c:/texlive/2018/texmf-dist/tex/latex/amsmath/amsbsy.sty
Package: amsbsy 1999/11/29 v1.2d Bold Symbols
LaTeX Info: Redefining \boldsymbol on input line 28.
\pmbraise@=\dimen175
)
(c:/texlive/2018/texmf-dist/tex/latex/amsmath/amsopn.sty
Package: amsopn 2016/03/08 v2.02 operator names
)
\inf@bad=\count275
LaTeX Info: Redefining \frac on input line 213.
\uproot@=\count276
\leftroot@=\count277
LaTeX Info: Redefining \overline on input line 375.
\classnum@=\count278
\DOTSCASE@=\count279
LaTeX Info: Redefining \ldots on input line 472.
LaTeX Info: Redefining \dots on input line 475.
LaTeX Info: Redefining \cdots on input line 596.
\Mathstrutbox@=\box57
\strutbox@=\box58
\big@size=\dimen176
LaTeX Font Info:    Redeclaring font encoding OML on input line 712.
LaTeX Font Info:    Redeclaring font encoding OMS on input line 713.
\macc@depth=\count280
\c@MaxMatrixCols=\count281
\dotsspace@=\muskip16
\c@parentequation=\count282
\dspbrk@lvl=\count283
\tag@help=\toks19
\row@=\count284
\column@=\count285
\maxfields@=\count286
\andhelp@=\toks20
\eqnshift@=\dimen177
\alignsep@=\dimen178
\tagshift@=\dimen179
\tagwidth@=\dimen180
\totwidth@=\dimen181
\lineht@=\dimen182
\@envbody=\toks21
\multlinegap=\skip80
\multlinetaggap=\skip81
\mathdisplay@stack=\toks22
LaTeX Info: Redefining \[ on input line 2817.
LaTeX Info: Redefining \] on input line 2818.
)
(c:/texlive/2018/texmf-dist/tex/latex/cjk/texinput/extended.enc
File: extended.enc 2015/04/18 4.8.4
)
(c:/texlive/2018/texmf-dist/tex/latex/cjk/texinput/extended.chr
File: extended.chr 2015/04/18 4.8.4
) (./temp.aux

LaTeX Warning: Label `1' multiply defined.


LaTeX Warning: Label `1' multiply defined.

)
\openout1 = `temp.aux'.

LaTeX Font Info:    Checking defaults for OML/cmm/m/it on input line 282.
LaTeX Font Info:    ... okay on input line 282.
LaTeX Font Info:    Checking defaults for T1/cmr/m/n on input line 282.
LaTeX Font Info:    ... okay on input line 282.
LaTeX Font Info:    Checking defaults for OT1/cmr/m/n on input line 282.
LaTeX Font Info:    ... okay on input line 282.
LaTeX Font Info:    Checking defaults for OMS/cmsy/m/n on input line 282.
LaTeX Font Info:    ... okay on input line 282.
LaTeX Font Info:    Checking defaults for OMX/cmex/m/n on input line 282.
LaTeX Font Info:    ... okay on input line 282.
LaTeX Font Info:    Checking defaults for U/cmr/m/n on input line 282.
LaTeX Font Info:    ... okay on input line 282.
LaTeX Font Info:    Checking defaults for TS1/cmr/m/n on input line 282.
LaTeX Font Info:    ... okay on input line 282.
LaTeX Font Info:    Checking defaults for C00/song/m/n on input line 282.
LaTeX Font Info:    ... okay on input line 282.
LaTeX Font Info:    Checking defaults for C05/song/m/n on input line 282.
LaTeX Font Info:    ... okay on input line 282.
LaTeX Font Info:    Checking defaults for C09/song/m/n on input line 282.
LaTeX Font Info:    ... okay on input line 282.
LaTeX Font Info:    Checking defaults for C10/song/m/n on input line 282.
LaTeX Font Info:    ... okay on input line 282.
LaTeX Font Info:    Checking defaults for C20/song/m/n on input line 282.
LaTeX Font Info:    ... okay on input line 282.
LaTeX Font Info:    Checking defaults for C19/song/m/n on input line 282.
LaTeX Font Info:    ... okay on input line 282.
LaTeX Font Info:    Checking defaults for C40/song/m/n on input line 282.
LaTeX Font Info:    ... okay on input line 282.
LaTeX Font Info:    Checking defaults for C42/song/m/n on input line 282.
LaTeX Font Info:    ... okay on input line 282.
LaTeX Font Info:    Checking defaults for C43/song/m/n on input line 282.
LaTeX Font Info:    ... okay on input line 282.
LaTeX Font Info:    Checking defaults for C50/song/m/n on input line 282.
LaTeX Font Info:    ... okay on input line 282.
LaTeX Font Info:    Checking defaults for C52/song/m/n on input line 282.
LaTeX Font Info:    ... okay on input line 282.
LaTeX Font Info:    Checking defaults for C49/song/m/n on input line 282.
LaTeX Font Info:    ... okay on input line 282.
LaTeX Font Info:    Checking defaults for C60/mj/m/n on input line 282.
LaTeX Font Info:    ... okay on input line 282.
LaTeX Font Info:    Checking defaults for C61/mj/m/n on input line 282.
LaTeX Font Info:    ... okay on input line 282.
LaTeX Font Info:    Checking defaults for C63/mj/m/n on input line 282.
LaTeX Font Info:    ... okay on input line 282.
LaTeX Font Info:    Checking defaults for C64/mj/m/n on input line 282.
LaTeX Font Info:    ... okay on input line 282.
LaTeX Font Info:    Checking defaults for C65/mj/m/n on input line 282.
LaTeX Font Info:    ... okay on input line 282.
LaTeX Font Info:    Checking defaults for C70/song/m/n on input line 282.
LaTeX Font Info:    ... okay on input line 282.
LaTeX Font Info:    Checking defaults for C31/song/m/n on input line 282.
LaTeX Font Info:    ... okay on input line 282.
LaTeX Font Info:    Checking defaults for C32/song/m/n on input line 282.
LaTeX Font Info:    ... okay on input line 282.
LaTeX Font Info:    Checking defaults for C33/song/m/n on input line 282.
LaTeX Font Info:    ... okay on input line 282.
LaTeX Font Info:    Checking defaults for C34/song/m/n on input line 282.
LaTeX Font Info:    ... okay on input line 282.
LaTeX Font Info:    Checking defaults for C35/song/m/n on input line 282.
LaTeX Font Info:    ... okay on input line 282.
LaTeX Font Info:    Checking defaults for C36/song/m/n on input line 282.
LaTeX Font Info:    ... okay on input line 282.
LaTeX Font Info:    Checking defaults for C37/song/m/n on input line 282.
LaTeX Font Info:    ... okay on input line 282.
LaTeX Font Info:    Checking defaults for C80/song/m/n on input line 282.
LaTeX Font Info:    ... okay on input line 282.
LaTeX Font Info:    Checking defaults for C81/song/m/n on input line 282.
LaTeX Font Info:    ... okay on input line 282.
LaTeX Font Info:    Checking defaults for C01/song/m/n on input line 282.
LaTeX Font Info:    ... okay on input line 282.
LaTeX Font Info:    Checking defaults for C11/song/m/n on input line 282.
LaTeX Font Info:    ... okay on input line 282.
LaTeX Font Info:    Checking defaults for C21/song/m/n on input line 282.
LaTeX Font Info:    ... okay on input line 282.
LaTeX Font Info:    Checking defaults for C41/song/m/n on input line 282.
LaTeX Font Info:    ... okay on input line 282.
LaTeX Font Info:    Checking defaults for C62/song/m/n on input line 282.
LaTeX Font Info:    ... okay on input line 282.
LaTeX Font Info:    Font shape `OT1/ptm/bx/n' in size <5.52061> not available
(Font)              Font shape `OT1/ptm/b/n' tried instead on input line 282.
LaTeX Font Info:    Font shape `OT1/ptm/bx/it' in size <5.52061> not available
(Font)              Font shape `OT1/ptm/b/it' tried instead on input line 282.
LaTeX Font Info:    Font shape `OT1/ptm/bx/n' in size <6.52437> not available
(Font)              Font shape `OT1/ptm/b/n' tried instead on input line 282.
LaTeX Font Info:    Font shape `OT1/ptm/bx/it' in size <6.52437> not available
(Font)              Font shape `OT1/ptm/b/it' tried instead on input line 282.
LaTeX Font Info:    Font shape `OT1/ptm/bx/n' in size <7.52812> not available
(Font)              Font shape `OT1/ptm/b/n' tried instead on input line 282.
LaTeX Font Info:    Font shape `OT1/ptm/bx/it' in size <7.52812> not available
(Font)              Font shape `OT1/ptm/b/it' tried instead on input line 282.
LaTeX Font Info:    Font shape `OT1/ptm/bx/n' in size <9.03374> not available
(Font)              Font shape `OT1/ptm/b/n' tried instead on input line 282.
LaTeX Font Info:    Font shape `OT1/ptm/bx/it' in size <9.03374> not available
(Font)              Font shape `OT1/ptm/b/it' tried instead on input line 282.
LaTeX Font Info:    Font shape `OT1/ptm/bx/n' in size <10.53937> not available
(Font)              Font shape `OT1/ptm/b/n' tried instead on input line 282.
LaTeX Font Info:    Font shape `OT1/ptm/bx/it' in size <10.53937> not available

(Font)              Font shape `OT1/ptm/b/it' tried instead on input line 282.
LaTeX Font Info:    Font shape `OT1/ptm/bx/n' in size <12.045> not available
(Font)              Font shape `OT1/ptm/b/n' tried instead on input line 282.
LaTeX Font Info:    Font shape `OT1/ptm/bx/it' in size <12.045> not available
(Font)              Font shape `OT1/ptm/b/it' tried instead on input line 282.
LaTeX Font Info:    Font shape `OT1/ptm/bx/n' in size <18.06749> not available
(Font)              Font shape `OT1/ptm/b/n' tried instead on input line 282.
LaTeX Font Info:    Font shape `OT1/ptm/bx/it' in size <18.06749> not available

(Font)              Font shape `OT1/ptm/b/it' tried instead on input line 282.
LaTeX Font Info:    Font shape `OT1/ptm/bx/n' in size <22.08249> not available
(Font)              Font shape `OT1/ptm/b/n' tried instead on input line 282.
LaTeX Font Info:    Font shape `OT1/ptm/bx/it' in size <22.08249> not available

(Font)              Font shape `OT1/ptm/b/it' tried instead on input line 282.
LaTeX Font Info:    Font shape `OT1/ptm/bx/n' in size <26.09749> not available
(Font)              Font shape `OT1/ptm/b/n' tried instead on input line 282.
LaTeX Font Info:    Font shape `OT1/ptm/bx/it' in size <26.09749> not available

(Font)              Font shape `OT1/ptm/b/it' tried instead on input line 282.
 (c:/texlive/2018/texmf-dist/tex/context/base/mkii/supp-pdf.mkii
[Loading MPS to PDF converter (version 2006.09.02).]
\scratchcounter=\count287
\scratchdimen=\dimen183
\scratchbox=\box59
\nofMPsegments=\count288
\nofMParguments=\count289
\everyMPshowfont=\toks23
\MPscratchCnt=\count290
\MPscratchDim=\dimen184
\MPnumerator=\count291
\makeMPintoPDFobject=\count292
\everyMPtoPDFconversion=\toks24
) ABD: EverySelectfont initializing macros
LaTeX Info: Redefining \selectfont on input line 282.
LaTeX Font Info:    Try loading font information for C19+rm on input line 370.

(c:/texlive/2018/texmf-dist/tex/latex/ctex/fd/c19rm.fd
File: c19rm.fd 2018/01/28 v2.4.12 Chinese font definition (CTEX)
)<<c1942.cmap>><<c1963.cmap>><<c1958.cmap>><<c1949.cmap>><<c1926.cmap>>
Package CJKpunct Info: use punctuation spaces for family 'rm' with punctstyle (
quanjiao) on input line 370.
<<c1955.cmap>><<c1961.cmap>><<c1964.cmap>><<c1950.cmap>><<c1959.cmap>><<c1946.c
map>><<c1957.cmap>><<c1940.cmap>><<c1925.cmap>><<c1960.cmap>><<c1962.cmap>><<c1
943.cmap>><<c1945.cmap>><<c1956.cmap>><<c1965.cmap>><<c1951.cmap>><<c1953.cmap>
><<c1939.cmap>><<c1941.cmap>><<c1947.cmap>><<c1948.cmap>><<c1954.cmap>><<c1938.
cmap>><<c1952.cmap>><<c1937.cmap>><<c1944.cmap>><<c1936.cmap>><<c1970.cmap>><<c
1966.cmap>><<c1974.cmap>>
LaTeX Font Info:    Try loading font information for U+msa on input line 375.

(c:/texlive/2018/texmf-dist/tex/latex/amsfonts/umsa.fd
File: umsa.fd 2013/01/14 v3.01 AMS symbols A
)
LaTeX Font Info:    Try loading font information for U+msb on input line 375.

(c:/texlive/2018/texmf-dist/tex/latex/amsfonts/umsb.fd
File: umsb.fd 2013/01/14 v3.01 AMS symbols B
) [1


] [2]
\c@lemma=\count293
 [3]
Underfull \hbox (badness 3039) in paragraph at lines 521--523
\OT1/cmr/m/n/10.53937 0$\OT1/ptm/m/n/10.53937 . So $[][] []\OT1/cmr/m/n/10.5393
7 (\OML/cmm/m/it/10.53937 ^^\\OT1/cmr/m/n/10.53937 )$ \OT1/ptm/m/n/10.53937 is 
con-sis-tent in the quadratic mean
 []

Package epstopdf Info: Source file: <fitting_estimation.eps>
(epstopdf)                    date: 2018-07-15 19:28:45
(epstopdf)                    size: 70906 bytes
(epstopdf)             Output file: <fitting_estimation-eps-converted-to.pdf>
(epstopdf)                    date: 2018-07-15 19:31:27
(epstopdf)                    size: 20748 bytes
(epstopdf)             Command: <repstopdf --outfile=fitting_estimation-eps-con
verted-to.pdf fitting_estimation.eps>
(epstopdf)             \includegraphics on input line 547.
Package epstopdf Info: Output file is already uptodate.
<fitting_estimation-eps-converted-to.pdf, id=96, 1011.78pt x 286.06876pt>
File: fitting_estimation-eps-converted-to.pdf Graphic file (type pdf)
<use fitting_estimation-eps-converted-to.pdf>
Package pdftex.def Info: fitting_estimation-eps-converted-to.pdf  used on input
 line 547.
(pdftex.def)             Requested size: 505.88876pt x 158.99265pt.

Underfull \hbox (badness 3439) in paragraph at lines 556--557
 \OT1/ptm/m/it/10.53937 3) Over-flow of Es-ti-mated Sur-vival Func-tion on
 []


Underfull \hbox (badness 1442) in paragraph at lines 556--557
\OT1/ptm/m/it/10.53937 False Edges : [][] \C19/rm/m/n/10.53937/39 d \C19/rm/m/n
/10.53937/58 	|\C19/rm/m/n/10.53937/26 §| \C19/rm/m/n/10.53937/41 š \C19/rm/m/n
/10.53937/58 ^^_ \C19/rm/m/n/10.53937/49 ä \C19/rm/m/n/10.53937/37 > \C19/rm/m/
n/10.53937/46 ! \C19/rm/m/n/10.53937/40 : é ^^[ \C19/rm/m/n/10.53937/43 ^^O \C1
9/rm/m/n/10.53937/45 O \C19/rm/m/n/10.53937/41 ©
 []

[4]
Underfull \hbox (badness 10000) in paragraph at lines 564--564
[]\OT1/ptm/b/n/10.53937 Algorithm 2: \OT1/ptm/m/n/10.53937 Re-con-struc-tion Al
-go-rithm
 []

[5 <./fitting_estimation-eps-converted-to.pdf>]
Package epstopdf Info: Source file: <stochastic_auroc_aupr.eps>
(epstopdf)                    date: 2018-07-12 21:50:55
(epstopdf)                    size: 89526 bytes
(epstopdf)             Output file: <stochastic_auroc_aupr-eps-converted-to.pdf
>
(epstopdf)                    date: 2018-07-12 21:51:16
(epstopdf)                    size: 29677 bytes
(epstopdf)             Command: <repstopdf --outfile=stochastic_auroc_aupr-eps-
converted-to.pdf stochastic_auroc_aupr.eps>
(epstopdf)             \includegraphics on input line 596.
Package epstopdf Info: Output file is already uptodate.
<stochastic_auroc_aupr-eps-converted-to.pdf, id=146, 1011.78pt x 578.16pt>
File: stochastic_auroc_aupr-eps-converted-to.pdf Graphic file (type pdf)
<use stochastic_auroc_aupr-eps-converted-to.pdf>
Package pdftex.def Info: stochastic_auroc_aupr-eps-converted-to.pdf  used on in
put line 596.
(pdftex.def)             Requested size: 505.88876pt x 289.07928pt.

Underfull \hbox (badness 1412) in paragraph at lines 633--635
[]\C19/rm/m/n/10.53937/39 l \C19/rm/m/n/10.53937/53 ­ \C19/rm/m/n/10.53937/59 ‚
 \C19/rm/m/n/10.53937/57 ã \C19/rm/m/n/10.53937/47 Œ \C19/rm/m/n/10.53937/61 ± 
\C19/rm/m/n/10.53937/47 w \C19/rm/m/n/10.53937/38 Ñ|\C19/rm/m/n/10.53937/26 §| 
\C19/rm/m/n/10.53937/56 ‘ \C19/rm/m/n/10.53937/65 X \C19/rm/m/n/10.53937/55 ê \
C19/rm/m/n/10.53937/46 â \C19/rm/m/n/10.53937/48 þ$\OML/cmm/m/it/10.53937 C$\C1
9/rm/m/n/10.53937/40 ^^[|\C19/rm/m/n/10.53937/26 §| \C19/rm/m/n/10.53937/64 ­ \
C19/rm/m/n/10.53937/43 ^^H
 []


Overfull \hbox (9.62665pt too wide) in alignment at lines 640--651
[] [] [] [] [] []
 []


Underfull \vbox (badness 3449) has occurred while \output is active []

 [6]
Package epstopdf Info: Source file: <large_scale_test.eps>
(epstopdf)                    date: 2018-07-12 21:39:38
(epstopdf)                    size: 20666 bytes
(epstopdf)             Output file: <large_scale_test-eps-converted-to.pdf>
(epstopdf)                    date: 2018-07-12 21:40:19
(epstopdf)                    size: 12367 bytes
(epstopdf)             Command: <repstopdf --outfile=large_scale_test-eps-conve
rted-to.pdf large_scale_test.eps>
(epstopdf)             \includegraphics on input line 656.
Package epstopdf Info: Output file is already uptodate.
<large_scale_test-eps-converted-to.pdf, id=150, 433.62pt x 361.35pt>
File: large_scale_test-eps-converted-to.pdf Graphic file (type pdf)
<use large_scale_test-eps-converted-to.pdf>
Package pdftex.def Info: large_scale_test-eps-converted-to.pdf  used on input l
ine 656.
(pdftex.def)             Requested size: 238.49173pt x 180.67456pt.


LaTeX Warning: `h' float specifier changed to `ht'.


Underfull \vbox (badness 7685) has occurred while \output is active []

 [7 <./stochastic_auroc_aupr-eps-converted-to.pdf> <./large_scale_test-eps-conv
erted-to.pdf>] [8] (./temp.aux)

LaTeX Warning: There were multiply-defined labels.

 )
(\end occurred inside a group at level 1)

### simple group (level 1) entered at line 482 ({)
### bottom level 
Here is how much of TeX's memory you used:
 16803 strings out of 492649
 314094 string characters out of 6133385
 374074 words of memory out of 5000000
 20355 multiletter control sequences out of 15000+600000
 607077 words of font info for 189 fonts, out of 8000000 for 9000
 1144 hyphenation exceptions out of 8191
 42i,19n,46p,10425b,551s stack positions out of 5000i,500n,10000p,200000b,80000s
{c:/texlive/2018/texmf-dist/fonts/enc/dvips/base/8r.enc}<c:/Win
dows/Fonts/simsun.ttc><c:/Windows/Fonts/simsun.ttc><c:/Windows/Fonts/simsun.ttc
><c:/Windows/Fonts/simsun.ttc><c:/Windows/Fonts/simsun.ttc><c:/Windows/Fonts/si
msun.ttc><c:/Windows/Fonts/simsun.ttc><c:/Windows/Fonts/simsun.ttc><c:/Windows/
Fonts/simsun.ttc><c:/Windows/Fonts/simsun.ttc><c:/Windows/Fonts/simsun.ttc><c:/
Windows/Fonts/simsun.ttc><c:/Windows/Fonts/simsun.ttc><c:/Windows/Fonts/simsun.
ttc><c:/Windows/Fonts/simsun.ttc><c:/Windows/Fonts/simsun.ttc><c:/Windows/Fonts
/simsun.ttc><c:/Windows/Fonts/simsun.ttc><c:/Windows/Fonts/simsun.ttc><c:/Windo
ws/Fonts/simsun.ttc><c:/Windows/Fonts/simsun.ttc><c:/Windows/Fonts/simsun.ttc><
c:/Windows/Fonts/simsun.ttc><c:/Windows/Fonts/simsun.ttc><c:/Windows/Fonts/sims
un.ttc><c:/Windows/Fonts/simsun.ttc><c:/Windows/Fonts/simsun.ttc><c:/Windows/Fo
nts/simsun.ttc><c:/Windows/Fonts/simsun.ttc><c:/Windows/Fonts/simsun.ttc><c:/Wi
ndows/Fonts/simsun.ttc><c:/Windows/Fonts/simsun.ttc><c:/Windows/Fonts/simsun.tt
c><c:/Windows/Fonts/simsun.ttc><c:/Windows/Fonts/simsun.ttc><c:/texlive/2018/te
xmf-dist/fonts/type1/public/amsfonts/cm/cmex10.pfb><c:/texlive/2018/texmf-dist/
fonts/type1/public/amsfonts/cm/cmmi10.pfb><c:/texlive/2018/texmf-dist/fonts/typ
e1/public/amsfonts/cm/cmmi5.pfb><c:/texlive/2018/texmf-dist/fonts/type1/public/
amsfonts/cm/cmmi7.pfb><c:/texlive/2018/texmf-dist/fonts/type1/public/amsfonts/c
m/cmmib10.pfb><c:/texlive/2018/texmf-dist/fonts/type1/public/amsfonts/cmextra/c
mmib7.pfb><c:/texlive/2018/texmf-dist/fonts/type1/public/amsfonts/cm/cmr10.pfb>
<c:/texlive/2018/texmf-dist/fonts/type1/public/amsfonts/cm/cmr5.pfb><c:/texlive
/2018/texmf-dist/fonts/type1/public/amsfonts/cm/cmr7.pfb><c:/texlive/2018/texmf
-dist/fonts/type1/public/amsfonts/cm/cmsy10.pfb><c:/texlive/2018/texmf-dist/fon
ts/type1/public/amsfonts/cm/cmsy5.pfb><c:/texlive/2018/texmf-dist/fonts/type1/p
ublic/amsfonts/cm/cmsy7.pfb><c:/texlive/2018/texmf-dist/fonts/type1/public/amsf
onts/symbols/msbm10.pfb><c:/texlive/2018/texmf-dist/fonts/type1/urw/times/utmb8
a.pfb><c:/texlive/2018/texmf-dist/fonts/type1/urw/times/utmbi8a.pfb><c:/texlive
/2018/texmf-dist/fonts/type1/urw/times/utmr8a.pfb><c:/texlive/2018/texmf-dist/f
onts/type1/urw/times/utmri8a.pfb>
Output written on temp.pdf (8 pages, 592083 bytes).
PDF statistics:
 390 PDF objects out of 1000 (max. 8388607)
 193 compressed objects within 2 object streams
 0 named destinations out of 1000 (max. 500000)
 156 words of extra memory for PDF output out of 10000 (max. 10000000)

